lab1/app/build/intermediates/manifest_merge_blame_file/debug/manifest-merger-blame-debug-report.txt
1<?xml version="1.0" encoding="utf-8"?>
2<manifest xmlns:android="http://schemas.android.com/apk/res/android"
3    package="com.cookos"
4    android:versionCode="1"
5    android:versionName="1.0" >
6
7    <uses-sdk
8        android:minSdkVersion="21"
8-->src\main\AndroidManifest.xml
9        android:targetSdkVersion="33" />
9-->src\main\AndroidManifest.xml
10
11    <permission
11-->[androidx.core:core:1.9.0] AndroidManifest.xml:22:5-24:47
12        android:name="com.cookos.DYNAMIC_RECEIVER_NOT_EXPORTED_PERMISSION"
12-->[androidx.core:core:1.9.0] AndroidManifest.xml:23:9-81
13        android:protectionLevel="signature" />
13-->[androidx.core:core:1.9.0] AndroidManifest.xml:24:9-44
14
15    <uses-permission android:name="com.cookos.DYNAMIC_RECEIVER_NOT_EXPORTED_PERMISSION" />
15-->[androidx.core:core:1.9.0] AndroidManifest.xml:26:5-97
15-->[androidx.core:core:1.9.0] AndroidManifest.xml:26:22-94
16
17    <application
17-->src\main\AndroidManifest.xml:5:5-29:19
18        android:allowBackup="true"
18-->src\main\AndroidManifest.xml:6:9-35
19        android:appComponentFactory="androidx.core.app.CoreComponentFactory"
19-->[androidx.core:core:1.9.0] AndroidManifest.xml:28:18-86
20        android:dataExtractionRules="@xml/data_extraction_rules"
20-->src\main\AndroidManifest.xml:7:9-65
21        android:debuggable="true"
22        android:fullBackupContent="@xml/backup_rules"
22-->src\main\AndroidManifest.xml:8:9-54
23        android:icon="@mipmap/ic_launcher"
23-->src\main\AndroidManifest.xml:9:9-43
24        android:label="@string/app_name"
24-->src\main\AndroidManifest.xml:10:9-41
25        android:supportsRtl="true"
25-->src\main\AndroidManifest.xml:11:9-35
26        android:testOnly="true"
27        android:theme="@style/Theme.Lab1" >
27-->src\main\AndroidManifest.xml:12:9-42
28        <activity
28-->src\main\AndroidManifest.xml:14:9-16:40
29            android:name="com.cookos.RegisterActivity"
29-->src\main\AndroidManifest.xml:15:13-45
30            android:exported="false" />
30-->src\main\AndroidManifest.xml:16:13-37
31        <activity
31-->src\main\AndroidManifest.xml:17:9-25:20
32            android:name="com.cookos.LoginActivity"
32-->src\main\AndroidManifest.xml:18:13-42
33            android:exported="true" >
33-->src\main\AndroidManifest.xml:19:13-36
34            <intent-filter>
34-->src\main\AndroidManifest.xml:20:13-24:29
35                <action android:name="android.intent.action.MAIN" />
35-->src\main\AndroidManifest.xml:21:17-69
35-->src\main\AndroidManifest.xml:21:25-66
36
37                <category android:name="android.intent.category.LAUNCHER" />
37-->src\main\AndroidManifest.xml:23:17-77
37-->src\main\AndroidManifest.xml:23:27-74
38            </intent-filter>
39        </activity>
40        <activity
40-->src\main\AndroidManifest.xml:26:9-28:40
41            android:name="com.cookos.MainActivity"
41-->src\main\AndroidManifest.xml:27:13-41
42            android:exported="false" />
42-->src\main\AndroidManifest.xml:28:13-37
43        <activity
43-->[com.google.android.gms:play-services-auth:20.4.1] AndroidManifest.xml:23:9-27:75
44            android:name="com.google.android.gms.auth.api.signin.internal.SignInHubActivity"
44-->[com.google.android.gms:play-services-auth:20.4.1] AndroidManifest.xml:24:13-93
45            android:excludeFromRecents="true"
45-->[com.google.android.gms:play-services-auth:20.4.1] AndroidManifest.xml:25:13-46
46            android:exported="false"
46-->[com.google.android.gms:play-services-auth:20.4.1] AndroidManifest.xml:26:13-37
47            android:theme="@android:style/Theme.Translucent.NoTitleBar" />
47-->[com.google.android.gms:play-services-auth:20.4.1] AndroidManifest.xml:27:13-72
48        <!--
49            Service handling Google Sign-In user revocation. For apps that do not integrate with
50            Google Sign-In, this service will never be started.
51        -->
52        <service
52-->[com.google.android.gms:play-services-auth:20.4.1] AndroidManifest.xml:33:9-37:51
53            android:name="com.google.android.gms.auth.api.signin.RevocationBoundService"
53-->[com.google.android.gms:play-services-auth:20.4.1] AndroidManifest.xml:34:13-89
54            android:exported="true"
54-->[com.google.android.gms:play-services-auth:20.4.1] AndroidManifest.xml:35:13-36
55            android:permission="com.google.android.gms.auth.api.signin.permission.REVOCATION_NOTIFICATION"
55-->[com.google.android.gms:play-services-auth:20.4.1] AndroidManifest.xml:36:13-107
56            android:visibleToInstantApps="true" />
56-->[com.google.android.gms:play-services-auth:20.4.1] AndroidManifest.xml:37:13-48
57
58        <activity
58-->[com.google.android.gms:play-services-base:18.0.1] AndroidManifest.xml:20:9-22:45
59            android:name="com.google.android.gms.common.api.GoogleApiActivity"
59-->[com.google.android.gms:play-services-base:18.0.1] AndroidManifest.xml:20:19-85
60            android:exported="false"
60-->[com.google.android.gms:play-services-base:18.0.1] AndroidManifest.xml:22:19-43
61            android:theme="@android:style/Theme.Translucent.NoTitleBar" />
61-->[com.google.android.gms:play-services-base:18.0.1] AndroidManifest.xml:21:19-78
62
63        <meta-data
63-->[com.google.android.gms:play-services-basement:18.1.0] AndroidManifest.xml:21:9-23:69
64            android:name="com.google.android.gms.version"
64-->[com.google.android.gms:play-services-basement:18.1.0] AndroidManifest.xml:22:13-58
65            android:value="@integer/google_play_services_version" />
65-->[com.google.android.gms:play-services-basement:18.1.0] AndroidManifest.xml:23:13-66
66
67        <provider
67-->[androidx.emoji2:emoji2:1.2.0] AndroidManifest.xml:24:9-32:20
68            android:name="androidx.startup.InitializationProvider"
68-->[androidx.emoji2:emoji2:1.2.0] AndroidManifest.xml:25:13-67
69            android:authorities="com.cookos.androidx-startup"
69-->[androidx.emoji2:emoji2:1.2.0] AndroidManifest.xml:26:13-68
70            android:exported="false" >
70-->[androidx.emoji2:emoji2:1.2.0] AndroidManifest.xml:27:13-37
71            <meta-data
71-->[androidx.emoji2:emoji2:1.2.0] AndroidManifest.xml:29:13-31:52
72                android:name="androidx.emoji2.text.EmojiCompatInitializer"
72-->[androidx.emoji2:emoji2:1.2.0] AndroidManifest.xml:30:17-75
73                android:value="androidx.startup" />
73-->[androidx.emoji2:emoji2:1.2.0] AndroidManifest.xml:31:17-49
74            <meta-data
74-->[androidx.lifecycle:lifecycle-process:2.4.1] AndroidManifest.xml:31:13-33:52
75                android:name="androidx.lifecycle.ProcessLifecycleInitializer"
75-->[androidx.lifecycle:lifecycle-process:2.4.1] AndroidManifest.xml:32:17-78
76                android:value="androidx.startup" />
76-->[androidx.lifecycle:lifecycle-process:2.4.1] AndroidManifest.xml:33:17-49
77        </provider>
78    </application>
79
80</manifest>